


ARM Macro Assembler    Page 1 


    1 00000000                 AREA             DATA, ALIGN=2
    2 00000000 00 00 00 
              00       amount  SPACE            4
    3 00000004                 EXPORT           amount
    4 00000004         
    5 00000004                 AREA             |.text|,CODE,READONLY,ALIGN=2
    6 00000000                 THUMB
    7 00000000                 EXPORT           Amount_Func
    8 00000000         
    9 00000000         Amount_Func
   10 00000000 4902            LDR              R1,=amount
   11 00000002 F04F 0059       MOV              R0,#89
   12 00000006 6008            STR              R0,[R1]
   13 00000008 4770            BX               LR
   14 0000000A 00 00           ALIGN
   15 0000000C                 END
              00000000 
Command Line: --debug --xref --diag_suppress=9931 --cpu=Cortex-M4.fp --apcs=int
erwork --depend=.\objects\function.d -o.\objects\function.o -I.\RTE\_Tm4c123 -I
C:\Keil_v5\ARM\PACK\ARM\CMSIS\5.6.0\CMSIS\Core\Include -IC:\Keil_v5\ARM\PACK\Ke
il\TM4C_DFP\1.1.0\Device\Include\TM4C123 --predefine="__EVAL SETA 1" --predefin
e="__UVISION_VERSION SETA 526" --predefine="_RTE_ SETA 1" --predefine="TM4C123G
H6PM SETA 1" --list=.\listings\function.lst function.s



ARM Macro Assembler    Page 1 Alphabetic symbol ordering
Relocatable symbols

DATA 00000000

Symbol: DATA
   Definitions
      At line 1 in file function.s
   Uses
      None
Comment: DATA unused
amount 00000000

Symbol: amount
   Definitions
      At line 2 in file function.s
   Uses
      At line 3 in file function.s
      At line 10 in file function.s

2 symbols



ARM Macro Assembler    Page 1 Alphabetic symbol ordering
Relocatable symbols

.text 00000000

Symbol: .text
   Definitions
      At line 5 in file function.s
   Uses
      None
Comment: .text unused
Amount_Func 00000000

Symbol: Amount_Func
   Definitions
      At line 9 in file function.s
   Uses
      At line 7 in file function.s
Comment: Amount_Func used once
2 symbols
341 symbols in table
