


ARM Macro Assembler    Page 1 


    1 00000000                 AREA             DATA,ALIGN=2
    2 00000000                 IMPORT           num
    3 00000000                 IMPORT           Adder
    4 00000000         
    5 00000000                 AREA             |.text|,CODE,READONLY,ALIGN=2
    6 00000000                 THUMB
    7 00000000                 EXPORT           Main
    8 00000000         
    9 00000000         Main
   10 00000000 4902            LDR              R1,=num
   11 00000002 F04F 0064       MOV              R0,#100
   12 00000006 6008            STR              R0,[R1]
   13 00000008 F7FF FFFE       BL               Adder
   14 0000000C                 ALIGN
   15 0000000C                 END
              00000000 
Command Line: --debug --xref --diag_suppress=9931 --cpu=Cortex-M4.fp --apcs=int
erwork --depend=.\objects\main.d -o.\objects\main.o -I.\RTE\_Tm4c123 -IC:\Keil_
v5\ARM\PACK\ARM\CMSIS\5.6.0\CMSIS\Core\Include -IC:\Keil_v5\ARM\PACK\Keil\TM4C_
DFP\1.1.0\Device\Include\TM4C123 --predefine="__EVAL SETA 1" --predefine="__UVI
SION_VERSION SETA 526" --predefine="_RTE_ SETA 1" --predefine="TM4C123GH6PM SET
A 1" --list=.\listings\main.lst main.s



ARM Macro Assembler    Page 1 Alphabetic symbol ordering
Relocatable symbols

DATA 00000000

Symbol: DATA
   Definitions
      At line 1 in file main.s
   Uses
      None
Comment: DATA unused
1 symbol



ARM Macro Assembler    Page 1 Alphabetic symbol ordering
Relocatable symbols

.text 00000000

Symbol: .text
   Definitions
      At line 5 in file main.s
   Uses
      None
Comment: .text unused
Main 00000000

Symbol: Main
   Definitions
      At line 9 in file main.s
   Uses
      At line 7 in file main.s
Comment: Main used once
2 symbols



ARM Macro Assembler    Page 1 Alphabetic symbol ordering
External symbols

Adder 00000000

Symbol: Adder
   Definitions
      At line 3 in file main.s
   Uses
      At line 13 in file main.s
Comment: Adder used once
num 00000000

Symbol: num
   Definitions
      At line 2 in file main.s
   Uses
      At line 10 in file main.s
Comment: num used once
2 symbols
342 symbols in table
